[debug] > Exec(early(addDefaultCommands), None, None)
[debug] > Exec(addDefaultCommands, None, None)
[debug] > Exec(early(initialize), None, None)
[debug] > Exec(initialize, None, None)
[debug] > Exec(early(addPluginSbtFile="""C:\Users\lysso\AppData\Local\Temp\idea.sbt"""), None, None)
[debug] > Exec(addPluginSbtFile="""C:\Users\lysso\AppData\Local\Temp\idea.sbt""", None, None)
[debug] > Exec(boot, None, None)
[debug] > Exec(writeSbtVersion, None, None)
[debug] > Exec(reload, None, None)
[debug] > Exec(sbtStashOnFailure, None, None)
[debug] > Exec(onFailure loadFailed, None, None)
[debug] > Exec(loadp, None, None)
[info] welcome to sbt 1.4.6 (Oracle Corporation Java 11.0.10)
[debug]       Load.loadUnit: plugins took 85.5437ms
[debug]       Load.loadUnit: defsScala took 0.2718ms
[debug] [Loading] Scanning directory C:\Users\lysso\.sbt\1.0\plugins
[debug] [Loading] Found non-root projects 
[debug] [Loading] Done in C:\Users\lysso\.sbt\1.0\plugins, returning: ()
[debug] deducing auto plugins based on known facts Set(Atom(sbt.plugins.CorePlugin)) and clauses Clauses(List(Clause(Atom(sbt.plugins.JvmPlugin),Set(Atom(sbt.plugins.IvyPlugin))), Clause(Atom(sbt.ScriptedPlugin),Set(Atom(sbt.plugins.JvmPlugin))), Clause(Atom(sbt.plugins.SbtPlugin),Set(Atom(sbt.ScriptedPlugin))), Clause(Atom(sbt.plugins.SemanticdbPlugin),Set(Atom(sbt.plugins.JvmPlugin))), Clause(Atom(sbt.plugins.JUnitXmlReportPlugin),Set(Atom(sbt.plugins.JvmPlugin))), Clause(Atom(sbt.plugins.MiniDependencyTreePlugin),Set(Atom(sbt.plugins.JvmPlugin))), Clause(Atom(sbt.plugins.CorePlugin),Set(Atom(sbt.plugins.IvyPlugin))), Clause(Atom(sbt.plugins.IvyPlugin),Set(Atom(sbt.plugins.JvmPlugin))), Clause(Atom(sbt.plugins.JvmPlugin),Set(Atom(sbt.plugins.SemanticdbPlugin))), Clause(Atom(sbt.plugins.JvmPlugin),Set(Atom(sbt.plugins.JUnitXmlReportPlugin))), Clause(Atom(sbt.plugins.CorePlugin),Set(Atom(sbt.plugins.Giter8TemplatePlugin))), Clause(Atom(sbt.plugins.JvmPlugin),Set(Atom(sbt.plugins.MiniDependencyTreePlugin)))))
[debug]   :: deduced result: Matched(sbt.plugins.CorePlugin,sbt.plugins.Giter8TemplatePlugin,sbt.plugins.IvyPlugin,sbt.plugins.JvmPlugin,sbt.plugins.MiniDependencyTreePlugin,sbt.plugins.JUnitXmlReportPlugin,sbt.plugins.SemanticdbPlugin)
[debug] Plugins.deducer#function took 20.5857 ms
[debug]           Load.resolveProject(global-plugins) took 45.8382ms
[debug]         Load.loadTransitive: finalizeProject(Project(id global-plugins, base: C:\Users\lysso\.sbt\1.0\plugins, plugins: List(<none>))) took 92.8388ms
[debug] [Loading] Done in C:\Users\lysso\.sbt\1.0\plugins, returning: (global-plugins)
[debug]       Load.loadUnit: loadedProjectsRaw took 111.8452ms
[debug]       Load.loadUnit: cleanEvalClasses took 0.3248ms
[debug]     Load.loadUnit(file:/C:/Users/lysso/.sbt/1.0/plugins/, ...) took 206.5719ms
[debug]   Load.apply: load took 378.38ms
[debug]   Load.apply: resolveProjects took 6.5451ms
[debug]   Load.apply: finalTransforms took 63.4115ms
[debug]   Load.apply: config.delegates took 8.3067ms
[debug]   Load.apply: Def.make(settings)... took 852.4046ms
[debug]   Load.apply: structureIndex took 89.0715ms
[debug]   Load.apply: mkStreams took 1.833ms
[info] loading global plugins from C:\Users\lysso\.sbt\1.0\plugins
[debug] Running task... Cancel: Signal, check cycles: false, forcegc: true
[debug] Load.defaultLoad until apply took 11579.9829ms
[debug]           Load.loadUnit: plugins took 30.7195ms
[debug]           Load.loadUnit: defsScala took 0.0034ms
[debug] [Loading] Scanning directory C:\Users\lysso\Desktop\PPL\Assignments\project1\project
[debug]             Load.loadUnit: mkEval took 8.4775ms
[debug] [Loading] Found non-root projects 
[debug] [Loading] Done in C:\Users\lysso\Desktop\PPL\Assignments\project1\project, returning: ()
[debug] deducing auto plugins based on known facts Set(Atom(sbt.plugins.CorePlugin)) and clauses Clauses(List(Clause(Atom(sbt.plugins.JvmPlugin),Set(Atom(sbt.plugins.IvyPlugin))), Clause(Atom(sbt.ScriptedPlugin),Set(Atom(sbt.plugins.JvmPlugin))), Clause(Atom(sbt.plugins.SbtPlugin),Set(Atom(sbt.ScriptedPlugin))), Clause(Atom(sbt.plugins.SemanticdbPlugin),Set(Atom(sbt.plugins.JvmPlugin))), Clause(Atom(sbt.plugins.JUnitXmlReportPlugin),Set(Atom(sbt.plugins.JvmPlugin))), Clause(Atom(sbt.plugins.MiniDependencyTreePlugin),Set(Atom(sbt.plugins.JvmPlugin))), Clause(Atom(sbt.plugins.CorePlugin),Set(Atom(sbt.plugins.IvyPlugin))), Clause(Atom(sbt.plugins.IvyPlugin),Set(Atom(sbt.plugins.JvmPlugin))), Clause(Atom(sbt.plugins.JvmPlugin),Set(Atom(sbt.plugins.SemanticdbPlugin))), Clause(Atom(sbt.plugins.JvmPlugin),Set(Atom(sbt.plugins.JUnitXmlReportPlugin))), Clause(Atom(sbt.plugins.CorePlugin),Set(Atom(sbt.plugins.Giter8TemplatePlugin))), Clause(Atom(sbt.plugins.JvmPlugin),Set(Atom(sbt.plugins.MiniDependencyTreePlugin)))))
[debug]   :: deduced result: Matched(sbt.plugins.CorePlugin,sbt.plugins.Giter8TemplatePlugin,sbt.plugins.IvyPlugin,sbt.plugins.JvmPlugin,sbt.plugins.MiniDependencyTreePlugin,sbt.plugins.JUnitXmlReportPlugin,sbt.plugins.SemanticdbPlugin)
[debug] Plugins.deducer#function took 1.3971 ms
[info] loading settings for project project1-build from idea.sbt ...
[debug]               Load.resolveProject(project1-build) took 3.1762ms
[debug]             Load.loadTransitive: finalizeProject(Project(id project1-build, base: C:\Users\lysso\Desktop\PPL\Assignments\project1\project, plugins: List(<none>))) took 5.0695ms
[debug] [Loading] Done in C:\Users\lysso\Desktop\PPL\Assignments\project1\project, returning: (project1-build)
[debug]           Load.loadUnit: loadedProjectsRaw took 2318.5104ms
[debug]           Load.loadUnit: cleanEvalClasses took 4.2192ms
[debug]         Load.loadUnit(file:/C:/Users/lysso/Desktop/PPL/Assignments/project1/project/, ...) took 2354.4627ms
[debug]       Load.apply: load took 2356.1283ms
[debug]       Load.apply: resolveProjects took 0.1696ms
[debug]       Load.apply: finalTransforms took 10.4349ms
[debug]       Load.apply: config.delegates took 0.4ms
[debug]       Load.apply: Def.make(settings)... took 70.3933ms
[debug]       Load.apply: structureIndex took 21.3643ms
[debug]       Load.apply: mkStreams took 0.002ms
[info] loading project definition from C:\Users\lysso\Desktop\PPL\Assignments\project1\project
[debug] Running task... Cancel: Signal, check cycles: false, forcegc: true
[debug]     Load.loadUnit: plugins took 3147.8055ms
[debug]     Load.loadUnit: defsScala took 0.0027ms
[debug] [Loading] Scanning directory C:\Users\lysso\Desktop\PPL\Assignments\project1
[debug]       Load.loadUnit: mkEval took 0.2231ms
[debug] [Loading] Found non-root projects 
[debug] [Loading] Done in C:\Users\lysso\Desktop\PPL\Assignments\project1, returning: ()
[debug] deducing auto plugins based on known facts Set(Atom(sbt.plugins.CorePlugin)) and clauses Clauses(List(Clause(Atom(sbt.plugins.JvmPlugin),Set(Atom(sbt.plugins.IvyPlugin))), Clause(Atom(sbt.ScriptedPlugin),Set(Atom(sbt.plugins.JvmPlugin))), Clause(Atom(sbt.plugins.SbtPlugin),Set(Atom(sbt.ScriptedPlugin))), Clause(Atom(sbt.plugins.SemanticdbPlugin),Set(Atom(sbt.plugins.JvmPlugin))), Clause(Atom(sbt.plugins.JUnitXmlReportPlugin),Set(Atom(sbt.plugins.JvmPlugin))), Clause(Atom(sbt.plugins.MiniDependencyTreePlugin),Set(Atom(sbt.plugins.JvmPlugin))), Clause(Atom(org.jetbrains.sbt.StructurePlugin),Set(Atom(sbt.plugins.JvmPlugin))), Clause(Atom(org.jetbrains.sbt.IdeaShellPlugin),Set(Atom(sbt.plugins.JvmPlugin))), Clause(Atom(org.jetbrains.sbt.indices.SbtIntellijIndicesPlugin),Set(Atom(sbt.plugins.JvmPlugin))), Clause(Atom(sbt.plugins.CorePlugin),Set(Atom(sbt.plugins.IvyPlugin))), Clause(Atom(sbt.plugins.IvyPlugin),Set(Atom(sbt.plugins.JvmPlugin))), Clause(Atom(sbt.plugins.JvmPlugin),Set(Atom(sbt.plugins.SemanticdbPlugin))), Clause(Atom(sbt.plugins.JvmPlugin),Set(Atom(sbt.plugins.JUnitXmlReportPlugin))), Clause(Atom(sbt.plugins.CorePlugin),Set(Atom(sbt.plugins.Giter8TemplatePlugin))), Clause(Atom(sbt.plugins.JvmPlugin),Set(Atom(sbt.plugins.MiniDependencyTreePlugin))), Clause(Atom(sbt.plugins.JvmPlugin),Set(Atom(org.jetbrains.sbt.StructurePlugin))), Clause(Atom(sbt.plugins.JvmPlugin),Set(Atom(org.jetbrains.sbt.IdeaShellPlugin))), Clause(And(Set(Atom(sbt.plugins.CorePlugin), Atom(sbt.plugins.JvmPlugin))),Set(Atom(org.jetbrains.sbt.indices.SbtIntellijIndicesPlugin)))))
[debug]   :: deduced result: Matched(sbt.plugins.CorePlugin,sbt.plugins.Giter8TemplatePlugin,sbt.plugins.IvyPlugin,sbt.plugins.JvmPlugin,sbt.plugins.SemanticdbPlugin,org.jetbrains.sbt.indices.SbtIntellijIndicesPlugin,sbt.plugins.JUnitXmlReportPlugin,org.jetbrains.sbt.IdeaShellPlugin,org.jetbrains.sbt.StructurePlugin,sbt.plugins.MiniDependencyTreePlugin)
[debug] Plugins.deducer#function took 1.7919 ms
[info] loading settings for project project1 from build.sbt ...
[debug]         Load.resolveProject(project1) took 37.5174ms
[debug]       Load.loadTransitive: finalizeProject(Project(id project1, base: C:\Users\lysso\Desktop\PPL\Assignments\project1, plugins: List(<none>))) took 40.6289ms
[debug] [Loading] Done in C:\Users\lysso\Desktop\PPL\Assignments\project1, returning: (project1)
[debug]     Load.loadUnit: loadedProjectsRaw took 2440.6082ms
[debug]     Load.loadUnit: cleanEvalClasses took 19.6325ms
[debug]   Load.loadUnit(file:/C:/Users/lysso/Desktop/PPL/Assignments/project1/, ...) took 5609.0294ms
[debug] Load.apply: load took 5611.2598ms
[debug] Load.apply: resolveProjects took 0.1475ms
[debug] Load.apply: finalTransforms took 23.0067ms
[debug] Load.apply: config.delegates took 0.3239ms
[debug] Load.apply: Def.make(settings)... took 62.1853ms
[debug] Load.apply: structureIndex took 26.4327ms
[debug] Load.apply: mkStreams took 0.0026ms
[info] set current project to csci3155_s21_project1 (in build file:/C:/Users/lysso/Desktop/PPL/Assignments/project1/)
[debug] > Exec(sbtPopOnFailure, None, None)
[debug] > Exec(resumeFromFailure, None, None)
[debug] > Exec(notifyUsersAboutShell, None, None)
[debug] > Exec(iflast shell, None, None)
[debug] > Exec(; set ideaPort in Global := 59344 ; idea-shell, None, None)
[debug] > Exec(set ideaPort in Global := 59344, None, None)
[info] Defining Global / ideaPort
[info] The new value will be used by Compile / compile, Test / compile
[debug] Defining 
[debug] 	Global / ideaPort
[debug] 
[debug] The new value will be used by 
[debug] 	Compile / compile
[debug] 	Test / compile
[info] Reapplying settings...
[info] set current project to csci3155_s21_project1 (in build file:/C:/Users/lysso/Desktop/PPL/Assignments/project1/)
[debug] > Exec(idea-shell, None, None)
