[debug] > Exec(early(addDefaultCommands), None, None)
[debug] > Exec(addDefaultCommands, None, None)
[debug] > Exec(early(initialize), None, None)
[debug] > Exec(initialize, None, None)
[debug] > Exec(early(addPluginSbtFile="""C:\Users\lysso\AppData\Local\Temp\idea.sbt"""), None, None)
[debug] > Exec(addPluginSbtFile="""C:\Users\lysso\AppData\Local\Temp\idea.sbt""", None, None)
[debug] > Exec(boot, None, None)
[debug] > Exec(writeSbtVersion, None, None)
[debug] > Exec(reload, None, None)
[debug] > Exec(sbtStashOnFailure, None, None)
[debug] > Exec(onFailure loadFailed, None, None)
[debug] > Exec(loadp, None, None)
[info] welcome to sbt 1.4.6 (Oracle Corporation Java 11.0.10)
[debug]       Load.loadUnit: plugins took 100.9507ms
[debug]       Load.loadUnit: defsScala took 0.485401ms
[debug] [Loading] Scanning directory C:\Users\lysso\.sbt\1.0\plugins
[debug] [Loading] Found non-root projects 
[debug] [Loading] Done in C:\Users\lysso\.sbt\1.0\plugins, returning: ()
[debug] deducing auto plugins based on known facts Set(Atom(sbt.plugins.CorePlugin)) and clauses Clauses(List(Clause(Atom(sbt.plugins.JvmPlugin),Set(Atom(sbt.plugins.IvyPlugin))), Clause(Atom(sbt.ScriptedPlugin),Set(Atom(sbt.plugins.JvmPlugin))), Clause(Atom(sbt.plugins.SbtPlugin),Set(Atom(sbt.ScriptedPlugin))), Clause(Atom(sbt.plugins.SemanticdbPlugin),Set(Atom(sbt.plugins.JvmPlugin))), Clause(Atom(sbt.plugins.JUnitXmlReportPlugin),Set(Atom(sbt.plugins.JvmPlugin))), Clause(Atom(sbt.plugins.MiniDependencyTreePlugin),Set(Atom(sbt.plugins.JvmPlugin))), Clause(Atom(sbt.plugins.CorePlugin),Set(Atom(sbt.plugins.IvyPlugin))), Clause(Atom(sbt.plugins.IvyPlugin),Set(Atom(sbt.plugins.JvmPlugin))), Clause(Atom(sbt.plugins.JvmPlugin),Set(Atom(sbt.plugins.SemanticdbPlugin))), Clause(Atom(sbt.plugins.JvmPlugin),Set(Atom(sbt.plugins.JUnitXmlReportPlugin))), Clause(Atom(sbt.plugins.CorePlugin),Set(Atom(sbt.plugins.Giter8TemplatePlugin))), Clause(Atom(sbt.plugins.JvmPlugin),Set(Atom(sbt.plugins.MiniDependencyTreePlugin)))))
[debug]   :: deduced result: Matched(sbt.plugins.CorePlugin,sbt.plugins.Giter8TemplatePlugin,sbt.plugins.IvyPlugin,sbt.plugins.JvmPlugin,sbt.plugins.MiniDependencyTreePlugin,sbt.plugins.JUnitXmlReportPlugin,sbt.plugins.SemanticdbPlugin)
[debug] Plugins.deducer#function took 20.587801 ms
[debug]           Load.resolveProject(global-plugins) took 47.4ms
[debug]         Load.loadTransitive: finalizeProject(Project(id global-plugins, base: C:\Users\lysso\.sbt\1.0\plugins, plugins: List(<none>))) took 97.1435ms
[debug] [Loading] Done in C:\Users\lysso\.sbt\1.0\plugins, returning: (global-plugins)
[debug]       Load.loadUnit: loadedProjectsRaw took 121.4228ms
[debug]       Load.loadUnit: cleanEvalClasses took 0.2451ms
[debug]     Load.loadUnit(file:/C:/Users/lysso/.sbt/1.0/plugins/, ...) took 233.299699ms
[debug]   Load.apply: load took 422.490701ms
[debug]   Load.apply: resolveProjects took 7.022901ms
[debug]   Load.apply: finalTransforms took 56.1195ms
[debug]   Load.apply: config.delegates took 7.351599ms
[debug]   Load.apply: Def.make(settings)... took 852.3258ms
[debug]   Load.apply: structureIndex took 164.6637ms
[debug]   Load.apply: mkStreams took 2.547601ms
[info] loading global plugins from C:\Users\lysso\.sbt\1.0\plugins
[debug] Running task... Cancel: Signal, check cycles: false, forcegc: true
[debug] Load.defaultLoad until apply took 3439.404601ms
[debug]           Load.loadUnit: plugins took 34.1247ms
[debug]           Load.loadUnit: defsScala took 0.004601ms
[debug] [Loading] Scanning directory C:\Users\lysso\Desktop\PPL\Assignments\project1\project
[debug]             Load.loadUnit: mkEval took 7.6437ms
[debug] [Loading] Found non-root projects 
[debug] [Loading] Done in C:\Users\lysso\Desktop\PPL\Assignments\project1\project, returning: ()
[debug] deducing auto plugins based on known facts Set(Atom(sbt.plugins.CorePlugin)) and clauses Clauses(List(Clause(Atom(sbt.plugins.JvmPlugin),Set(Atom(sbt.plugins.IvyPlugin))), Clause(Atom(sbt.ScriptedPlugin),Set(Atom(sbt.plugins.JvmPlugin))), Clause(Atom(sbt.plugins.SbtPlugin),Set(Atom(sbt.ScriptedPlugin))), Clause(Atom(sbt.plugins.SemanticdbPlugin),Set(Atom(sbt.plugins.JvmPlugin))), Clause(Atom(sbt.plugins.JUnitXmlReportPlugin),Set(Atom(sbt.plugins.JvmPlugin))), Clause(Atom(sbt.plugins.MiniDependencyTreePlugin),Set(Atom(sbt.plugins.JvmPlugin))), Clause(Atom(sbt.plugins.CorePlugin),Set(Atom(sbt.plugins.IvyPlugin))), Clause(Atom(sbt.plugins.IvyPlugin),Set(Atom(sbt.plugins.JvmPlugin))), Clause(Atom(sbt.plugins.JvmPlugin),Set(Atom(sbt.plugins.SemanticdbPlugin))), Clause(Atom(sbt.plugins.JvmPlugin),Set(Atom(sbt.plugins.JUnitXmlReportPlugin))), Clause(Atom(sbt.plugins.CorePlugin),Set(Atom(sbt.plugins.Giter8TemplatePlugin))), Clause(Atom(sbt.plugins.JvmPlugin),Set(Atom(sbt.plugins.MiniDependencyTreePlugin)))))
[debug]   :: deduced result: Matched(sbt.plugins.CorePlugin,sbt.plugins.Giter8TemplatePlugin,sbt.plugins.IvyPlugin,sbt.plugins.JvmPlugin,sbt.plugins.MiniDependencyTreePlugin,sbt.plugins.JUnitXmlReportPlugin,sbt.plugins.SemanticdbPlugin)
[debug] Plugins.deducer#function took 1.5072 ms
[info] loading settings for project project1-build from idea.sbt ...
[debug]               Load.resolveProject(project1-build) took 3.1474ms
[debug]             Load.loadTransitive: finalizeProject(Project(id project1-build, base: C:\Users\lysso\Desktop\PPL\Assignments\project1\project, plugins: List(<none>))) took 5.168099ms
[debug] [Loading] Done in C:\Users\lysso\Desktop\PPL\Assignments\project1\project, returning: (project1-build)
[debug]           Load.loadUnit: loadedProjectsRaw took 152.0959ms
[debug]           Load.loadUnit: cleanEvalClasses took 4.946999ms
[debug]         Load.loadUnit(file:/C:/Users/lysso/Desktop/PPL/Assignments/project1/project/, ...) took 192.5202ms
[debug]       Load.apply: load took 194.4964ms
[debug]       Load.apply: resolveProjects took 0.149699ms
[debug]       Load.apply: finalTransforms took 12.5686ms
[debug]       Load.apply: config.delegates took 0.511501ms
[debug]       Load.apply: Def.make(settings)... took 91.658599ms
[debug]       Load.apply: structureIndex took 29.573799ms
[debug]       Load.apply: mkStreams took 0.0032ms
[info] loading project definition from C:\Users\lysso\Desktop\PPL\Assignments\project1\project
[debug] Running task... Cancel: Signal, check cycles: false, forcegc: true
[debug]     Load.loadUnit: plugins took 597.602501ms
[debug]     Load.loadUnit: defsScala took 0.003599ms
[debug] [Loading] Scanning directory C:\Users\lysso\Desktop\PPL\Assignments\project1
[debug]       Load.loadUnit: mkEval took 0.3265ms
[debug] [Loading] Found non-root projects 
[debug] [Loading] Done in C:\Users\lysso\Desktop\PPL\Assignments\project1, returning: ()
[debug] deducing auto plugins based on known facts Set(Atom(sbt.plugins.CorePlugin)) and clauses Clauses(List(Clause(Atom(sbt.plugins.JvmPlugin),Set(Atom(sbt.plugins.IvyPlugin))), Clause(Atom(sbt.ScriptedPlugin),Set(Atom(sbt.plugins.JvmPlugin))), Clause(Atom(sbt.plugins.SbtPlugin),Set(Atom(sbt.ScriptedPlugin))), Clause(Atom(sbt.plugins.SemanticdbPlugin),Set(Atom(sbt.plugins.JvmPlugin))), Clause(Atom(sbt.plugins.JUnitXmlReportPlugin),Set(Atom(sbt.plugins.JvmPlugin))), Clause(Atom(sbt.plugins.MiniDependencyTreePlugin),Set(Atom(sbt.plugins.JvmPlugin))), Clause(Atom(org.jetbrains.sbt.StructurePlugin),Set(Atom(sbt.plugins.JvmPlugin))), Clause(Atom(org.jetbrains.sbt.IdeaShellPlugin),Set(Atom(sbt.plugins.JvmPlugin))), Clause(Atom(org.jetbrains.sbt.indices.SbtIntellijIndicesPlugin),Set(Atom(sbt.plugins.JvmPlugin))), Clause(Atom(sbt.plugins.CorePlugin),Set(Atom(sbt.plugins.IvyPlugin))), Clause(Atom(sbt.plugins.IvyPlugin),Set(Atom(sbt.plugins.JvmPlugin))), Clause(Atom(sbt.plugins.JvmPlugin),Set(Atom(sbt.plugins.SemanticdbPlugin))), Clause(Atom(sbt.plugins.JvmPlugin),Set(Atom(sbt.plugins.JUnitXmlReportPlugin))), Clause(Atom(sbt.plugins.CorePlugin),Set(Atom(sbt.plugins.Giter8TemplatePlugin))), Clause(Atom(sbt.plugins.JvmPlugin),Set(Atom(sbt.plugins.MiniDependencyTreePlugin))), Clause(Atom(sbt.plugins.JvmPlugin),Set(Atom(org.jetbrains.sbt.StructurePlugin))), Clause(Atom(sbt.plugins.JvmPlugin),Set(Atom(org.jetbrains.sbt.IdeaShellPlugin))), Clause(And(Set(Atom(sbt.plugins.CorePlugin), Atom(sbt.plugins.JvmPlugin))),Set(Atom(org.jetbrains.sbt.indices.SbtIntellijIndicesPlugin)))))
[debug]   :: deduced result: Matched(sbt.plugins.CorePlugin,sbt.plugins.Giter8TemplatePlugin,sbt.plugins.IvyPlugin,sbt.plugins.JvmPlugin,sbt.plugins.SemanticdbPlugin,org.jetbrains.sbt.indices.SbtIntellijIndicesPlugin,sbt.plugins.JUnitXmlReportPlugin,org.jetbrains.sbt.IdeaShellPlugin,org.jetbrains.sbt.StructurePlugin,sbt.plugins.MiniDependencyTreePlugin)
[debug] Plugins.deducer#function took 2.567099 ms
[info] loading settings for project project1 from build.sbt ...
[debug]         Load.resolveProject(project1) took 45.042801ms
[debug]       Load.loadTransitive: finalizeProject(Project(id project1, base: C:\Users\lysso\Desktop\PPL\Assignments\project1, plugins: List(<none>))) took 49.3783ms
[debug] [Loading] Done in C:\Users\lysso\Desktop\PPL\Assignments\project1, returning: (project1)
[debug]     Load.loadUnit: loadedProjectsRaw took 201.5853ms
[debug]     Load.loadUnit: cleanEvalClasses took 8.296999ms
[debug]   Load.loadUnit(file:/C:/Users/lysso/Desktop/PPL/Assignments/project1/, ...) took 808.238599ms
[debug] Load.apply: load took 809.972699ms
[debug] Load.apply: resolveProjects took 0.1705ms
[debug] Load.apply: finalTransforms took 33.578ms
[debug] Load.apply: config.delegates took 0.3729ms
[debug] Load.apply: Def.make(settings)... took 88.1552ms
[debug] Load.apply: structureIndex took 27.1555ms
[debug] Load.apply: mkStreams took 0.0021ms
[info] set current project to csci3155_s21_project1 (in build file:/C:/Users/lysso/Desktop/PPL/Assignments/project1/)
[debug] > Exec(sbtPopOnFailure, None, None)
[debug] > Exec(resumeFromFailure, None, None)
[debug] > Exec(notifyUsersAboutShell, None, None)
[debug] > Exec(iflast shell, None, None)
[debug] > Exec(; set ideaPort in Global := 59919 ; idea-shell, None, None)
[debug] > Exec(set ideaPort in Global := 59919, None, None)
[info] Defining Global / ideaPort
[info] The new value will be used by Compile / compile, Test / compile
[debug] Defining 
[debug] 	Global / ideaPort
[debug] 
[debug] The new value will be used by 
[debug] 	Compile / compile
[debug] 	Test / compile
[info] Reapplying settings...
[info] set current project to csci3155_s21_project1 (in build file:/C:/Users/lysso/Desktop/PPL/Assignments/project1/)
[debug] > Exec(idea-shell, None, None)
